2020-12-20 13:33:56.6560 INFO Login Successful of User:syserrorlogin@gmail.com
2020-12-20 13:33:56.9657 INFO Index Page Appear for User:syserrorlogin@gmail.com
2020-12-20 13:34:11.8267 INFO Logout Successfully of User:syserrorlogin@gmail.com
2020-12-20 13:46:18.9133 INFO Login Successful of User:syserrorlogin@gmail.com
2020-12-20 13:46:19.0129 INFO Index Page Appear for User:syserrorlogin@gmail.com
2020-12-20 13:46:22.8447 INFO Logout Successfully of User:syserrorlogin@gmail.com
2020-12-20 13:50:34.2694 INFO Login Successful of User:syserrorlogin@gmail.com
2020-12-20 13:50:34.3483 INFO Index Page Appear for User:syserrorlogin@gmail.com
2020-12-20 14:01:39.4426 INFO Login Successful of User:syserrorlogin@gmail.com
2020-12-20 14:01:39.5534 INFO Index Page Appear for User:syserrorlogin@gmail.com
2020-12-20 14:01:43.2969 INFO Logout Successfully of User:syserrorlogin@gmail.com
2020-12-20 14:01:47.2684 INFO Register Page Appear
2020-12-20 14:08:58.4010 INFO Login Successful of User:syserrorlogin@gmail.com
2020-12-20 14:08:58.4820 INFO Index Page Appear for User:syserrorlogin@gmail.com
2020-12-20 14:09:02.0800 INFO Logout Successfully of User:syserrorlogin@gmail.com
2020-12-20 14:14:17.1742 INFO Login Successful of User:syserrorlogin@gmail.com
2020-12-20 14:14:17.3002 INFO Index Page Appear for User:syserrorlogin@gmail.com
2020-12-20 14:14:20.9877 INFO Logout Successfully of User:syserrorlogin@gmail.com
2020-12-20 14:15:44.0252 INFO Login Successful of User:syserrorlogin@gmail.com
2020-12-20 14:15:44.1192 INFO Index Page Appear for User:syserrorlogin@gmail.com
2020-12-20 14:15:56.7135 INFO Logout Successfully of User:syserrorlogin@gmail.com
2020-12-20 14:35:27.0645 ERROR Exception Occurred
2020-12-20 15:14:23.3886 ERROR Exception Occurred
2020-12-20 15:20:23.9973 INFO Login Appear.
2020-12-20 15:21:00.5565 ERROR Exception Occurred
2020-12-20 15:22:58.9236 ERROR Exception Occurred
2020-12-20 15:23:48.5618 ERROR Exception Occurred
2020-12-20 15:25:05.0104 ERROR Exception Occurred
2020-12-20 15:25:37.6537 ERROR Exception Occurred
2020-12-20 15:25:46.9129 ERROR Exception Occurred
2020-12-20 15:26:18.9981 ERROR Exception Occurred
2020-12-20 15:28:34.1346 ERROR Exception Occurred
2020-12-20 15:43:21.2118 INFO Login Successful of User: vedanshujoshi50@gmail.com
2020-12-20 15:43:21.2948 INFO Index Page Appear for User:vedanshujoshi50@gmail.com
2020-12-20 15:43:45.8731 INFO Index Page Appear for User:vedanshujoshi50@gmail.com
2020-12-20 15:43:49.3418 INFO Logout Successfully of User:vedanshujoshi50@gmail.com
